<?xml version="1.0" encoding="UTF-8"?>
<!-- Generated by org.testng.reporters.JUnitXMLReporter -->
<testsuite ignored="1" hostname="DESKTOP-03KKCFP" failures="0" tests="4" name="WorkingWithTestNG" time="0.061" errors="0" timestamp="2023-10-12T22:57:28 IST">
  <testcase classname="demonstatingGroups.Home" name="TC100" time="0.009"/>
  <testcase classname="demonstatingGroups.Login" name="ATC02" time="0.0"/>
  <testcase classname="demonstatingGroups.Login" name="LTC01" time="0.001"/>
  <testcase classname="demonstatingGroups.Signout" name="STC01" time="0.001"/>
  <testcase classname="demonstatingGroups.Home" name="TC2" time="0.0">
    <ignored/>
  </testcase> <!-- TC2 -->
</testsuite> <!-- WorkingWithTestNG -->
