<?xml version="1.0" encoding="UTF-8"?>
<!-- Generated by org.testng.reporters.JUnitXMLReporter -->
<testsuite ignored="0" hostname="DESKTOP-03KKCFP" failures="0" tests="2" name="EndToEnd" time="10.917" errors="0" timestamp="2023-12-13T22:31:17 IST">
  <testcase classname="com.frameworkDesign.SeleniumFrameWorkDesign.ErrorValidation" name="addProductt" time="0.621"/>
  <testcase classname="com.frameworkDesign.SeleniumFrameWorkDesign.ErrorValidation" name="addProductt" time="1.151"/>
</testsuite> <!-- EndToEnd -->
