<?xml version="1.0" encoding="UTF-8"?>
<!-- Generated by org.testng.reporters.JUnitXMLReporter -->
<testsuite ignored="2" hostname="DESKTOP-03KKCFP" failures="0" tests="4" name="WorkingWithTestNGMod2" time="0.033" errors="0" timestamp="2023-10-12T22:36:09 IST">
  <testcase classname="WorkingWithTestNGMod2.SecondMduleTC01" name="m2Tco01" time="0.003"/>
  <testcase classname="WorkingWithTestNGMod2.SecondMduleTC01" name="m2Tco02" time="0.002"/>
  <testcase classname="WorkingWithTestNGMod2.SecondMduleTC01" name="m2tco03" time="0.004"/>
  <testcase classname="WorkingWithTestNGMod2.ExcludethemethodsInsingleclass" name="ApiLogin" time="0.001"/>
  <testcase classname="WorkingWithTestNGMod2.ExcludethemethodsInsingleclass" name="MobileLogin" time="0.0">
    <ignored/>
  </testcase> <!-- MobileLogin -->
  <testcase classname="WorkingWithTestNGMod2.ExcludethemethodsInsingleclass" name="webLogin" time="0.0">
    <ignored/>
  </testcase> <!-- webLogin -->
</testsuite> <!-- WorkingWithTestNGMod2 -->
