<?xml version="1.0" encoding="UTF-8"?>
<!-- Generated by org.testng.reporters.JUnitXMLReporter -->
<testsuite ignored="0" hostname="DESKTOP-03KKCFP" failures="1" tests="2" name="WorkingWithListners" time="0.064" errors="0" timestamp="2023-10-14T22:31:22 IST">
  <testcase classname="testNG_listeners.TestingTheListeners" name="home" time="0.016">
    <failure type="java.lang.AssertionError" message="expected [true] but found [false]">
      <![CDATA[java.lang.AssertionError: expected [true] but found [false]
at testNG_listeners.TestingTheListeners.home(TestingTheListeners.java:19)
at java.base/java.util.ArrayList.forEach(ArrayList.java:1511)
... Removed 29 stack frames]]>
    </failure>
  </testcase> <!-- home -->
  <testcase classname="testNG_listeners.TestingTheListeners" name="login" time="0.0"/>
</testsuite> <!-- WorkingWithListners -->
