<?xml version="1.0" encoding="UTF-8"?>
<testng-results ignored="0" total="2" passed="2" failed="0" skipped="0">
  <reporter-output>
  </reporter-output>
  <suite started-at="2023-12-13T22:31:06 IST" name="Smoke" finished-at="2023-12-13T22:31:17 IST" duration-ms="10917">
    <groups>
    </groups>
    <test started-at="2023-12-13T22:31:06 IST" name="EndToEnd" finished-at="2023-12-13T22:31:17 IST" duration-ms="10917">
      <class name="com.frameworkDesign.SeleniumFrameWorkDesign.ErrorValidation">
        <test-method is-config="true" signature="launchApplicationFromBase()[pri:0, instance:com.frameworkDesign.SeleniumFrameWorkDesign.ErrorValidation@242b836]" started-at="2023-12-13T22:31:07 IST" name="launchApplicationFromBase" finished-at="2023-12-13T22:31:12 IST" duration-ms="4961" status="PASS">
          <reporter-output>
          </reporter-output>
        </test-method> <!-- launchApplicationFromBase -->
        <test-method signature="addProductt(java.util.HashMap)[pri:0, instance:com.frameworkDesign.SeleniumFrameWorkDesign.ErrorValidation@242b836]" started-at="2023-12-13T22:31:12 IST" name="addProductt" data-provider="getData" finished-at="2023-12-13T22:31:12 IST" duration-ms="621" status="PASS">
          <params>
            <param index="0">
              <value>
                <![CDATA[{pwd=Password@123, email=sampawar@gil.com}]]>
              </value>
            </param>
          </params>
          <reporter-output>
          </reporter-output>
        </test-method> <!-- addProductt -->
        <test-method is-config="true" signature="tearDown()[pri:0, instance:com.frameworkDesign.SeleniumFrameWorkDesign.ErrorValidation@242b836]" started-at="2023-12-13T22:31:12 IST" name="tearDown" finished-at="2023-12-13T22:31:12 IST" duration-ms="35" status="PASS">
          <reporter-output>
          </reporter-output>
        </test-method> <!-- tearDown -->
        <test-method is-config="true" signature="launchApplicationFromBase()[pri:0, instance:com.frameworkDesign.SeleniumFrameWorkDesign.ErrorValidation@242b836]" started-at="2023-12-13T22:31:12 IST" name="launchApplicationFromBase" finished-at="2023-12-13T22:31:16 IST" duration-ms="3722" status="PASS">
          <reporter-output>
          </reporter-output>
        </test-method> <!-- launchApplicationFromBase -->
        <test-method signature="addProductt(java.util.HashMap)[pri:0, instance:com.frameworkDesign.SeleniumFrameWorkDesign.ErrorValidation@242b836]" started-at="2023-12-13T22:31:16 IST" name="addProductt" data-provider="getData" finished-at="2023-12-13T22:31:17 IST" duration-ms="1151" status="PASS">
          <params>
            <param index="0">
              <value>
                <![CDATA[{pwd=12345, email=sachin.b@gmail.com}]]>
              </value>
            </param>
          </params>
          <reporter-output>
          </reporter-output>
        </test-method> <!-- addProductt -->
        <test-method is-config="true" signature="tearDown()[pri:0, instance:com.frameworkDesign.SeleniumFrameWorkDesign.ErrorValidation@242b836]" started-at="2023-12-13T22:31:17 IST" name="tearDown" finished-at="2023-12-13T22:31:17 IST" duration-ms="33" status="PASS">
          <reporter-output>
          </reporter-output>
        </test-method> <!-- tearDown -->
      </class> <!-- com.frameworkDesign.SeleniumFrameWorkDesign.ErrorValidation -->
    </test> <!-- EndToEnd -->
  </suite> <!-- Smoke -->
</testng-results>
