<?xml version="1.0" encoding="UTF-8"?>
<testng-results ignored="0" total="1" passed="1" failed="0" skipped="0">
  <reporter-output>
  </reporter-output>
  <suite started-at="2023-12-10T16:08:34 IST" name="Suite" finished-at="2023-12-10T16:08:39 IST" duration-ms="5720">
    <groups>
    </groups>
    <test started-at="2023-12-10T16:08:34 IST" name="Test" finished-at="2023-12-10T16:08:39 IST" duration-ms="5720">
      <class name="com.frameworkDesign.Extenteports.DemoOnExtentReports">
        <test-method is-config="true" signature="extentReportConfig()[pri:0, instance:com.frameworkDesign.Extenteports.DemoOnExtentReports@55b699ef]" started-at="2023-12-10T16:08:34 IST" name="extentReportConfig" finished-at="2023-12-10T16:08:34 IST" duration-ms="469" status="PASS">
          <reporter-output>
          </reporter-output>
        </test-method> <!-- extentReportConfig -->
        <test-method signature="Tc001()[pri:0, instance:com.frameworkDesign.Extenteports.DemoOnExtentReports@55b699ef]" started-at="2023-12-10T16:08:34 IST" name="Tc001" finished-at="2023-12-10T16:08:39 IST" duration-ms="5198" status="PASS">
          <reporter-output>
          </reporter-output>
        </test-method> <!-- Tc001 -->
      </class> <!-- com.frameworkDesign.Extenteports.DemoOnExtentReports -->
    </test> <!-- Test -->
  </suite> <!-- Suite -->
</testng-results>
