<?xml version="1.0" encoding="UTF-8"?>
<testng-results ignored="0" total="1" passed="1" failed="0" skipped="0">
  <reporter-output>
  </reporter-output>
  <suite started-at="2023-11-28T21:32:52 IST" name="Default suite" finished-at="2023-11-28T21:32:52 IST" duration-ms="218">
    <groups>
    </groups>
    <test started-at="2023-11-28T21:32:52 IST" name="Default test" finished-at="2023-11-28T21:32:52 IST" duration-ms="218">
      <class name="WorkingWithJsonData.ReadingTheDatasUsingJson">
        <test-method signature="readingtheJsonThroughDataProvider(java.util.HashMap)[pri:0, instance:WorkingWithJsonData.ReadingTheDatasUsingJson@22bac7bc]" started-at="2023-11-28T21:32:52 IST" name="readingtheJsonThroughDataProvider" data-provider="getData" finished-at="2023-11-28T21:32:52 IST" duration-ms="8" status="PASS">
          <params>
            <param index="0">
              <value>
                <![CDATA[{name=ssss, email=Sachin}]]>
              </value>
            </param>
          </params>
          <reporter-output>
          </reporter-output>
        </test-method> <!-- readingtheJsonThroughDataProvider -->
      </class> <!-- WorkingWithJsonData.ReadingTheDatasUsingJson -->
    </test> <!-- Default test -->
  </suite> <!-- Default suite -->
</testng-results>
