<?xml version="1.0" encoding="UTF-8"?>
<!-- Generated by org.testng.reporters.JUnitXMLReporter -->
<testsuite ignored="0" hostname="DESKTOP-03KKCFP" failures="0" tests="2" name="ErrorValidation" time="8.131" errors="0" timestamp="2023-12-12T21:03:53 IST">
  <testcase classname="com.frameworkDesign.SeleniumFrameWorkDesign.ErrorValidation" name="addProductt" time="0.699"/>
  <testcase classname="com.frameworkDesign.SeleniumFrameWorkDesign.ErrorValidation" name="addProductt" time="0.386"/>
</testsuite> <!-- ErrorValidation -->
